{"C:\\Users\\mario\\Desktop\\projeto-planner\\src\\index.js": {"path":"C:\\Users\\mario\\Desktop\\projeto-planner\\src\\index.js","statementMap":{"0":{"start":{"line":5,"column":20},"end":{"line":5,"column":51}},"1":{"start":{"line":6,"column":0},"end":{"line":6,"column":38}}},"fnMap":{},"branchMap":{},"s":{"0":0,"1":0},"f":{},"b":{},"hash":"5a8b2dc8e4edf9f84802df37d7e3f8f4c787ffc7"}
,"C:\\Users\\mario\\Desktop\\projeto-planner\\src\\actions\\planner.js": {"path":"C:\\Users\\mario\\Desktop\\projeto-planner\\src\\actions\\planner.js","statementMap":{"0":{"start":{"line":3,"column":32},"end":{"line":12,"column":1}},"1":{"start":{"line":3,"column":47},"end":{"line":12,"column":1}},"2":{"start":{"line":4,"column":17},"end":{"line":7,"column":5}},"3":{"start":{"line":8,"column":21},"end":{"line":8,"column":124}},"4":{"start":{"line":9,"column":4},"end":{"line":11,"column":7}},"5":{"start":{"line":10,"column":8},"end":{"line":10,"column":28}},"6":{"start":{"line":14,"column":24},"end":{"line":18,"column":1}},"7":{"start":{"line":14,"column":30},"end":{"line":18,"column":1}},"8":{"start":{"line":15,"column":20},"end":{"line":15,"column":116}},"9":{"start":{"line":16,"column":17},"end":{"line":16,"column":30}},"10":{"start":{"line":17,"column":3},"end":{"line":17,"column":28}},"11":{"start":{"line":20,"column":24},"end":{"line":27,"column":1}},"12":{"start":{"line":21,"column":4},"end":{"line":26,"column":5}}},"fnMap":{"0":{"name":"(anonymous_0)","decl":{"start":{"line":3,"column":32},"end":{"line":3,"column":33}},"loc":{"start":{"line":3,"column":47},"end":{"line":12,"column":1}},"line":3},"1":{"name":"(anonymous_1)","decl":{"start":{"line":3,"column":47},"end":{"line":3,"column":48}},"loc":{"start":{"line":3,"column":67},"end":{"line":12,"column":1}},"line":3},"2":{"name":"(anonymous_2)","decl":{"start":{"line":14,"column":24},"end":{"line":14,"column":25}},"loc":{"start":{"line":14,"column":30},"end":{"line":18,"column":1}},"line":14},"3":{"name":"(anonymous_3)","decl":{"start":{"line":14,"column":30},"end":{"line":14,"column":31}},"loc":{"start":{"line":14,"column":50},"end":{"line":18,"column":1}},"line":14},"4":{"name":"(anonymous_4)","decl":{"start":{"line":20,"column":24},"end":{"line":20,"column":25}},"loc":{"start":{"line":20,"column":35},"end":{"line":27,"column":1}},"line":20}},"branchMap":{"0":{"loc":{"start":{"line":9,"column":4},"end":{"line":11,"column":7}},"type":"if","locations":[{"start":{"line":9,"column":4},"end":{"line":11,"column":7}},{"start":{"line":9,"column":4},"end":{"line":11,"column":7}}],"line":9}},"s":{"0":3,"1":1,"2":1,"3":1,"4":1,"5":1,"6":3,"7":2,"8":1,"9":1,"10":1,"11":3,"12":3},"f":{"0":1,"1":1,"2":2,"3":1,"4":3},"b":{"0":[1,0]},"_coverageSchema":"43e27e138ebf9cfc5966b082cf9a028302ed4184","hash":"32760d2520aa7930f987ffcf3f3e0253914651fb"}
,"C:\\Users\\mario\\Desktop\\projeto-planner\\src\\containers\\App\\index.js": {"path":"C:\\Users\\mario\\Desktop\\projeto-planner\\src\\containers\\App\\index.js","statementMap":{"0":{"start":{"line":10,"column":20},"end":{"line":15,"column":1}},"1":{"start":{"line":14,"column":11},"end":{"line":14,"column":12}},"2":{"start":{"line":17,"column":14},"end":{"line":17,"column":63}},"3":{"start":{"line":19,"column":19},"end":{"line":26,"column":1}},"4":{"start":{"line":20,"column":2},"end":{"line":25,"column":13}}},"fnMap":{"0":{"name":"(anonymous_0)","decl":{"start":{"line":14,"column":6},"end":{"line":14,"column":7}},"loc":{"start":{"line":14,"column":11},"end":{"line":14,"column":12}},"line":14},"1":{"name":"(anonymous_1)","decl":{"start":{"line":19,"column":19},"end":{"line":19,"column":20}},"loc":{"start":{"line":20,"column":2},"end":{"line":25,"column":13}},"line":20}},"branchMap":{"0":{"loc":{"start":{"line":12,"column":2},"end":{"line":14,"column":12}},"type":"cond-expr","locations":[{"start":{"line":13,"column":6},"end":{"line":13,"column":43}},{"start":{"line":14,"column":6},"end":{"line":14,"column":12}}],"line":12}},"s":{"0":0,"1":0,"2":0,"3":0,"4":0},"f":{"0":0,"1":0},"b":{"0":[0,0]},"hash":"d9760eeeb60393e8292fdc497ef003a28f423b7f"}
,"C:\\Users\\mario\\Desktop\\projeto-planner\\src\\containers\\Planner\\index.js": {"path":"C:\\Users\\mario\\Desktop\\projeto-planner\\src\\containers\\Planner\\index.js","statementMap":{"0":{"start":{"line":6,"column":26},"end":{"line":11,"column":1}},"1":{"start":{"line":13,"column":25},"end":{"line":17,"column":1}},"2":{"start":{"line":18,"column":27},"end":{"line":24,"column":1}},"3":{"start":{"line":25,"column":25},"end":{"line":32,"column":1}},"4":{"start":{"line":33,"column":22},"end":{"line":35,"column":1}},"5":{"start":{"line":38,"column":4},"end":{"line":38,"column":17}},"6":{"start":{"line":39,"column":4},"end":{"line":42,"column":6}},"7":{"start":{"line":46,"column":4},"end":{"line":48,"column":5}},"8":{"start":{"line":47,"column":6},"end":{"line":47,"column":27}},"9":{"start":{"line":51,"column":17},"end":{"line":53,"column":3}},"10":{"start":{"line":52,"column":4},"end":{"line":52,"column":63}},"11":{"start":{"line":55,"column":17},"end":{"line":58,"column":3}},"12":{"start":{"line":56,"column":25},"end":{"line":56,"column":35}},"13":{"start":{"line":57,"column":4},"end":{"line":57,"column":36}},"14":{"start":{"line":61,"column":4},"end":{"line":132,"column":18}},"15":{"start":{"line":85,"column":12},"end":{"line":85,"column":40}},"16":{"start":{"line":86,"column":12},"end":{"line":86,"column":46}},"17":{"start":{"line":92,"column":12},"end":{"line":92,"column":38}},"18":{"start":{"line":93,"column":12},"end":{"line":93,"column":46}},"19":{"start":{"line":99,"column":12},"end":{"line":99,"column":39}},"20":{"start":{"line":100,"column":12},"end":{"line":100,"column":46}},"21":{"start":{"line":106,"column":12},"end":{"line":106,"column":39}},"22":{"start":{"line":107,"column":12},"end":{"line":107,"column":46}},"23":{"start":{"line":113,"column":12},"end":{"line":113,"column":38}},"24":{"start":{"line":114,"column":12},"end":{"line":114,"column":46}},"25":{"start":{"line":120,"column":12},"end":{"line":120,"column":39}},"26":{"start":{"line":121,"column":12},"end":{"line":121,"column":46}},"27":{"start":{"line":127,"column":12},"end":{"line":127,"column":40}},"28":{"start":{"line":128,"column":12},"end":{"line":128,"column":46}},"29":{"start":{"line":136,"column":24},"end":{"line":138,"column":2}},"30":{"start":{"line":136,"column":34},"end":{"line":138,"column":1}},"31":{"start":{"line":140,"column":27},"end":{"line":143,"column":2}},"32":{"start":{"line":140,"column":40},"end":{"line":143,"column":1}},"33":{"start":{"line":141,"column":28},"end":{"line":141,"column":65}},"34":{"start":{"line":142,"column":18},"end":{"line":142,"column":38}}},"fnMap":{"0":{"name":"(anonymous_0)","decl":{"start":{"line":37,"column":2},"end":{"line":37,"column":3}},"loc":{"start":{"line":37,"column":21},"end":{"line":43,"column":3}},"line":37},"1":{"name":"(anonymous_1)","decl":{"start":{"line":45,"column":2},"end":{"line":45,"column":3}},"loc":{"start":{"line":45,"column":21},"end":{"line":49,"column":3}},"line":45},"2":{"name":"(anonymous_2)","decl":{"start":{"line":51,"column":17},"end":{"line":51,"column":18}},"loc":{"start":{"line":51,"column":26},"end":{"line":53,"column":3}},"line":51},"3":{"name":"(anonymous_3)","decl":{"start":{"line":55,"column":17},"end":{"line":55,"column":18}},"loc":{"start":{"line":55,"column":23},"end":{"line":58,"column":3}},"line":55},"4":{"name":"(anonymous_4)","decl":{"start":{"line":60,"column":2},"end":{"line":60,"column":3}},"loc":{"start":{"line":60,"column":11},"end":{"line":133,"column":3}},"line":60},"5":{"name":"(anonymous_5)","decl":{"start":{"line":84,"column":55},"end":{"line":84,"column":56}},"loc":{"start":{"line":84,"column":65},"end":{"line":85,"column":41}},"line":84},"6":{"name":"(anonymous_6)","decl":{"start":{"line":85,"column":47},"end":{"line":85,"column":48}},"loc":{"start":{"line":86,"column":12},"end":{"line":86,"column":46}},"line":86},"7":{"name":"(anonymous_7)","decl":{"start":{"line":91,"column":55},"end":{"line":91,"column":56}},"loc":{"start":{"line":91,"column":65},"end":{"line":92,"column":39}},"line":91},"8":{"name":"(anonymous_8)","decl":{"start":{"line":92,"column":45},"end":{"line":92,"column":46}},"loc":{"start":{"line":93,"column":12},"end":{"line":93,"column":46}},"line":93},"9":{"name":"(anonymous_9)","decl":{"start":{"line":98,"column":55},"end":{"line":98,"column":56}},"loc":{"start":{"line":98,"column":65},"end":{"line":99,"column":40}},"line":98},"10":{"name":"(anonymous_10)","decl":{"start":{"line":99,"column":46},"end":{"line":99,"column":47}},"loc":{"start":{"line":100,"column":12},"end":{"line":100,"column":46}},"line":100},"11":{"name":"(anonymous_11)","decl":{"start":{"line":105,"column":55},"end":{"line":105,"column":56}},"loc":{"start":{"line":105,"column":65},"end":{"line":106,"column":40}},"line":105},"12":{"name":"(anonymous_12)","decl":{"start":{"line":106,"column":46},"end":{"line":106,"column":47}},"loc":{"start":{"line":107,"column":12},"end":{"line":107,"column":46}},"line":107},"13":{"name":"(anonymous_13)","decl":{"start":{"line":112,"column":55},"end":{"line":112,"column":56}},"loc":{"start":{"line":112,"column":65},"end":{"line":113,"column":39}},"line":112},"14":{"name":"(anonymous_14)","decl":{"start":{"line":113,"column":45},"end":{"line":113,"column":46}},"loc":{"start":{"line":114,"column":12},"end":{"line":114,"column":46}},"line":114},"15":{"name":"(anonymous_15)","decl":{"start":{"line":119,"column":55},"end":{"line":119,"column":56}},"loc":{"start":{"line":119,"column":65},"end":{"line":120,"column":40}},"line":119},"16":{"name":"(anonymous_16)","decl":{"start":{"line":120,"column":46},"end":{"line":120,"column":47}},"loc":{"start":{"line":121,"column":12},"end":{"line":121,"column":46}},"line":121},"17":{"name":"(anonymous_17)","decl":{"start":{"line":126,"column":55},"end":{"line":126,"column":56}},"loc":{"start":{"line":126,"column":65},"end":{"line":127,"column":41}},"line":126},"18":{"name":"(anonymous_18)","decl":{"start":{"line":127,"column":47},"end":{"line":127,"column":48}},"loc":{"start":{"line":128,"column":12},"end":{"line":128,"column":46}},"line":128},"19":{"name":"(anonymous_19)","decl":{"start":{"line":136,"column":24},"end":{"line":136,"column":25}},"loc":{"start":{"line":136,"column":34},"end":{"line":138,"column":1}},"line":136},"20":{"name":"(anonymous_20)","decl":{"start":{"line":140,"column":27},"end":{"line":140,"column":28}},"loc":{"start":{"line":140,"column":40},"end":{"line":143,"column":1}},"line":140},"21":{"name":"(anonymous_21)","decl":{"start":{"line":141,"column":13},"end":{"line":141,"column":14}},"loc":{"start":{"line":141,"column":28},"end":{"line":141,"column":65}},"line":141},"22":{"name":"(anonymous_22)","decl":{"start":{"line":142,"column":12},"end":{"line":142,"column":13}},"loc":{"start":{"line":142,"column":18},"end":{"line":142,"column":38}},"line":142}},"branchMap":{"0":{"loc":{"start":{"line":46,"column":4},"end":{"line":48,"column":5}},"type":"if","locations":[{"start":{"line":46,"column":4},"end":{"line":48,"column":5}},{"start":{"line":46,"column":4},"end":{"line":48,"column":5}}],"line":46},"1":{"loc":{"start":{"line":46,"column":7},"end":{"line":46,"column":53}},"type":"binary-expr","locations":[{"start":{"line":46,"column":7},"end":{"line":46,"column":28}},{"start":{"line":46,"column":32},"end":{"line":46,"column":53}}],"line":46},"2":{"loc":{"start":{"line":84,"column":11},"end":{"line":86,"column":48}},"type":"binary-expr","locations":[{"start":{"line":84,"column":11},"end":{"line":84,"column":27}},{"start":{"line":84,"column":31},"end":{"line":86,"column":48}}],"line":84},"3":{"loc":{"start":{"line":91,"column":11},"end":{"line":93,"column":48}},"type":"binary-expr","locations":[{"start":{"line":91,"column":11},"end":{"line":91,"column":27}},{"start":{"line":91,"column":31},"end":{"line":93,"column":48}}],"line":91},"4":{"loc":{"start":{"line":98,"column":11},"end":{"line":100,"column":48}},"type":"binary-expr","locations":[{"start":{"line":98,"column":11},"end":{"line":98,"column":27}},{"start":{"line":98,"column":31},"end":{"line":100,"column":48}}],"line":98},"5":{"loc":{"start":{"line":105,"column":11},"end":{"line":107,"column":48}},"type":"binary-expr","locations":[{"start":{"line":105,"column":11},"end":{"line":105,"column":27}},{"start":{"line":105,"column":31},"end":{"line":107,"column":48}}],"line":105},"6":{"loc":{"start":{"line":112,"column":11},"end":{"line":114,"column":48}},"type":"binary-expr","locations":[{"start":{"line":112,"column":11},"end":{"line":112,"column":27}},{"start":{"line":112,"column":31},"end":{"line":114,"column":48}}],"line":112},"7":{"loc":{"start":{"line":119,"column":11},"end":{"line":121,"column":48}},"type":"binary-expr","locations":[{"start":{"line":119,"column":11},"end":{"line":119,"column":27}},{"start":{"line":119,"column":31},"end":{"line":121,"column":48}}],"line":119},"8":{"loc":{"start":{"line":126,"column":11},"end":{"line":128,"column":48}},"type":"binary-expr","locations":[{"start":{"line":126,"column":11},"end":{"line":126,"column":27}},{"start":{"line":126,"column":31},"end":{"line":128,"column":48}}],"line":126}},"s":{"0":1,"1":1,"2":1,"3":1,"4":1,"5":4,"6":4,"7":4,"8":0,"9":4,"10":0,"11":4,"12":1,"13":1,"14":4,"15":0,"16":0,"17":0,"18":0,"19":0,"20":0,"21":0,"22":0,"23":0,"24":0,"25":0,"26":0,"27":0,"28":0,"29":1,"30":0,"31":1,"32":0,"33":0,"34":0},"f":{"0":4,"1":4,"2":0,"3":1,"4":4,"5":0,"6":0,"7":0,"8":0,"9":0,"10":0,"11":0,"12":0,"13":0,"14":0,"15":0,"16":0,"17":0,"18":0,"19":0,"20":0,"21":0,"22":0},"b":{"0":[0,4],"1":[4,0],"2":[4,0],"3":[4,0],"4":[4,0],"5":[4,0],"6":[4,0],"7":[4,0],"8":[4,0]},"_coverageSchema":"43e27e138ebf9cfc5966b082cf9a028302ed4184","hash":"7feb0a12cebd4a32d6015bb3ca315c5527ad1383"}
,"C:\\Users\\mario\\Desktop\\projeto-planner\\src\\reducers\\index.js": {"path":"C:\\Users\\mario\\Desktop\\projeto-planner\\src\\reducers\\index.js","statementMap":{"0":{"start":{"line":4,"column":27},"end":{"line":7,"column":2}}},"fnMap":{},"branchMap":{},"s":{"0":0},"f":{},"b":{},"hash":"ea91713d00fa56fcab699a999fd1e6913d02ee77"}
,"C:\\Users\\mario\\Desktop\\projeto-planner\\src\\reducers\\planner.js": {"path":"C:\\Users\\mario\\Desktop\\projeto-planner\\src\\reducers\\planner.js","statementMap":{"0":{"start":{"line":1,"column":28},"end":{"line":3,"column":1}},"1":{"start":{"line":5,"column":23},"end":{"line":12,"column":1}},"2":{"start":{"line":6,"column":4},"end":{"line":11,"column":5}},"3":{"start":{"line":8,"column":12},"end":{"line":8,"column":61}},"4":{"start":{"line":10,"column":12},"end":{"line":10,"column":25}}},"fnMap":{"0":{"name":"(anonymous_0)","decl":{"start":{"line":5,"column":23},"end":{"line":5,"column":24}},"loc":{"start":{"line":5,"column":57},"end":{"line":12,"column":1}},"line":5}},"branchMap":{"0":{"loc":{"start":{"line":5,"column":24},"end":{"line":5,"column":44}},"type":"default-arg","locations":[{"start":{"line":5,"column":32},"end":{"line":5,"column":44}}],"line":5},"1":{"loc":{"start":{"line":6,"column":4},"end":{"line":11,"column":5}},"type":"switch","locations":[{"start":{"line":7,"column":8},"end":{"line":8,"column":61}},{"start":{"line":9,"column":8},"end":{"line":10,"column":25}}],"line":6}},"s":{"0":1,"1":1,"2":1,"3":0,"4":1},"f":{"0":1},"b":{"0":[1],"1":[0,1]},"_coverageSchema":"43e27e138ebf9cfc5966b082cf9a028302ed4184","hash":"45334da34d2b12533617bf3db246592df0098ee2"}
,"C:\\Users\\mario\\Desktop\\projeto-planner\\src\\style\\theme.js": {"path":"C:\\Users\\mario\\Desktop\\projeto-planner\\src\\style\\theme.js","statementMap":{},"fnMap":{},"branchMap":{},"s":{},"f":{},"b":{},"hash":"cc7c6b653d0a8c16a0254233d05c6c01675a1707"}
}
