TN:
SF:C:\Users\mario\Desktop\projeto-planner\src\index.js
FNF:0
FNH:0
DA:5,0
DA:6,0
LF:2
LH:0
BRF:0
BRH:0
end_of_record
TN:
SF:C:\Users\mario\Desktop\projeto-planner\src\actions\planner.js
FN:3,(anonymous_0)
FN:3,(anonymous_1)
FN:14,(anonymous_2)
FN:14,(anonymous_3)
FN:20,(anonymous_4)
FNF:5
FNH:5
FNDA:1,(anonymous_0)
FNDA:1,(anonymous_1)
FNDA:2,(anonymous_2)
FNDA:1,(anonymous_3)
FNDA:3,(anonymous_4)
DA:3,3
DA:4,1
DA:8,1
DA:9,1
DA:10,1
DA:14,3
DA:15,1
DA:16,1
DA:17,1
DA:20,3
DA:21,3
LF:11
LH:11
BRDA:9,0,0,1
BRDA:9,0,1,0
BRF:2
BRH:1
end_of_record
TN:
SF:C:\Users\mario\Desktop\projeto-planner\src\containers\App\index.js
FN:14,(anonymous_0)
FN:19,(anonymous_1)
FNF:2
FNH:0
FNDA:0,(anonymous_0)
FNDA:0,(anonymous_1)
DA:10,0
DA:14,0
DA:17,0
DA:19,0
DA:20,0
LF:5
LH:0
BRDA:12,0,0,0
BRDA:12,0,1,0
BRF:2
BRH:0
end_of_record
TN:
SF:C:\Users\mario\Desktop\projeto-planner\src\containers\Planner\index.js
FN:37,(anonymous_0)
FN:45,(anonymous_1)
FN:51,(anonymous_2)
FN:55,(anonymous_3)
FN:60,(anonymous_4)
FN:84,(anonymous_5)
FN:85,(anonymous_6)
FN:91,(anonymous_7)
FN:92,(anonymous_8)
FN:98,(anonymous_9)
FN:99,(anonymous_10)
FN:105,(anonymous_11)
FN:106,(anonymous_12)
FN:112,(anonymous_13)
FN:113,(anonymous_14)
FN:119,(anonymous_15)
FN:120,(anonymous_16)
FN:126,(anonymous_17)
FN:127,(anonymous_18)
FN:136,(anonymous_19)
FN:140,(anonymous_20)
FN:141,(anonymous_21)
FN:142,(anonymous_22)
FNF:23
FNH:4
FNDA:4,(anonymous_0)
FNDA:4,(anonymous_1)
FNDA:0,(anonymous_2)
FNDA:1,(anonymous_3)
FNDA:4,(anonymous_4)
FNDA:0,(anonymous_5)
FNDA:0,(anonymous_6)
FNDA:0,(anonymous_7)
FNDA:0,(anonymous_8)
FNDA:0,(anonymous_9)
FNDA:0,(anonymous_10)
FNDA:0,(anonymous_11)
FNDA:0,(anonymous_12)
FNDA:0,(anonymous_13)
FNDA:0,(anonymous_14)
FNDA:0,(anonymous_15)
FNDA:0,(anonymous_16)
FNDA:0,(anonymous_17)
FNDA:0,(anonymous_18)
FNDA:0,(anonymous_19)
FNDA:0,(anonymous_20)
FNDA:0,(anonymous_21)
FNDA:0,(anonymous_22)
DA:6,1
DA:13,1
DA:18,1
DA:25,1
DA:33,1
DA:38,4
DA:39,4
DA:46,4
DA:47,0
DA:51,4
DA:52,0
DA:55,4
DA:56,1
DA:57,1
DA:61,4
DA:85,0
DA:86,0
DA:92,0
DA:93,0
DA:99,0
DA:100,0
DA:106,0
DA:107,0
DA:113,0
DA:114,0
DA:120,0
DA:121,0
DA:127,0
DA:128,0
DA:136,1
DA:140,1
DA:141,0
DA:142,0
LF:33
LH:15
BRDA:46,0,0,0
BRDA:46,0,1,4
BRDA:46,1,0,4
BRDA:46,1,1,0
BRDA:84,2,0,4
BRDA:84,2,1,0
BRDA:91,3,0,4
BRDA:91,3,1,0
BRDA:98,4,0,4
BRDA:98,4,1,0
BRDA:105,5,0,4
BRDA:105,5,1,0
BRDA:112,6,0,4
BRDA:112,6,1,0
BRDA:119,7,0,4
BRDA:119,7,1,0
BRDA:126,8,0,4
BRDA:126,8,1,0
BRF:18
BRH:9
end_of_record
TN:
SF:C:\Users\mario\Desktop\projeto-planner\src\reducers\index.js
FNF:0
FNH:0
DA:4,0
LF:1
LH:0
BRF:0
BRH:0
end_of_record
TN:
SF:C:\Users\mario\Desktop\projeto-planner\src\reducers\planner.js
FN:5,(anonymous_0)
FNF:1
FNH:1
FNDA:1,(anonymous_0)
DA:1,1
DA:5,1
DA:6,1
DA:8,0
DA:10,1
LF:5
LH:4
BRDA:5,0,0,1
BRDA:6,1,0,0
BRDA:6,1,1,1
BRF:3
BRH:2
end_of_record
TN:
SF:C:\Users\mario\Desktop\projeto-planner\src\style\theme.js
FNF:0
FNH:0
LF:0
LH:0
BRF:0
BRH:0
end_of_record
